[36mINFO[0m[2025-03-08 18:01:31] storage instance initialized                 
[36mINFO[0m[2025-03-08 18:01:31] service instance initialized                 
[36mINFO[0m[2025-03-08 18:01:31] api instance initialized                     
[36mINFO[0m[2025-03-08 18:01:31] server instance initialized                  
[36mINFO[0m[2025-03-08 18:01:31] register server started                      
[36mINFO[0m[2025-03-08 18:01:31] api Register handlers                        
[36mINFO[0m[2025-03-08 18:01:31] server run                                   
[36mINFO[0m[2025-03-08 18:02:47] shutting down server...                      
[31mFATA[0m[2025-03-08 18:02:47] errors occured while running http server http: Server closed 
[36mINFO[0m[2025-03-08 18:05:47] storage instance initialized                 
[36mINFO[0m[2025-03-08 18:05:47] service instance initialized                 
[36mINFO[0m[2025-03-08 18:05:47] api instance initialized                     
[36mINFO[0m[2025-03-08 18:05:47] server instance initialized                  
[36mINFO[0m[2025-03-08 18:05:47] register server started                      
[36mINFO[0m[2025-03-08 18:05:47] api Register handlers                        
[36mINFO[0m[2025-03-08 18:05:47] server run                                   
[36mINFO[0m[2025-03-08 18:06:43] api RegisterFlights handlers                 
[36mINFO[0m[2025-03-08 18:06:43] ✅ Api.RegisterPassengerFlight make get request for get passenger 
[31mERRO[0m[2025-03-08 18:06:43] ❌Api.RegisterPassengerFlight get request break 
[36mINFO[0m[2025-03-08 18:07:18] http://localhost:8086/flight/%s/passengers   
[36mINFO[0m[2025-03-08 18:07:18] GetData []                                   
[36mINFO[0m[2025-03-08 18:07:18] ✅✅✅ GetData ✅✅✅                              
[36mINFO[0m[2025-03-08 18:07:28] api RegisterFlights handlers                 
[36mINFO[0m[2025-03-08 18:07:28] ✅ Api.RegisterPassengerFlight make get request for get passenger 
[36mINFO[0m[2025-03-08 18:07:28] ✅ Api.RegisterPassengerFlight make register flight 
[36mINFO[0m[2025-03-08 18:07:28] Service RegisterFlights                      
[36mINFO[0m[2025-03-08 18:07:28] ✅ Storage.RegisterFlights ✈️ register flight: pp1b2c3d4-e5f6-7890-g1h2-i3j4k5l6m8 SU-1234 
[36mINFO[0m[2025-03-08 18:07:28] ✅✈️ Service.RegisterFlights success flight: pp1b2c3d4-e5f6-7890-g1h2-i3j4k5l6m8 
[36mINFO[0m[2025-03-08 18:07:39] GetData [{{pp1b2c3d4-e5f6-7890-g1h2-i3j4k5l6m8 SU-1234 {0 63877054080 <nil>} {0 63896135400 <nil>} {0 63832975800 <nil>} [{1A business false} {1B business false} {2A economy false} {2B economy false}]} [{uuid-1234 0 да business false} {uuid-5678 0 нет economy false}] {0 0}}] 
[36mINFO[0m[2025-03-08 18:07:39] ✅✅✅ GetData ✅✅✅                              
[36mINFO[0m[2025-03-08 18:08:00] Sending request: {[] 0}                      
[31mERRO[0m[2025-03-08 18:08:00] ❌✈️ Service.StopRegister not success get send Hikita pp1b2c3d4-e5f6-7890-g1h2-i3j4k5l6m8 errors:failed to send POST request: Post "http://localhost:8087/registration/pp1b2c3d4-e5f6-7890-g1h2-i3j4k5l6m8/finish": dial tcp [::1]:8087: connect: connection refused 
[36mINFO[0m[2025-03-08 18:08:00] ✅ Storage.RemoveFlight️ ✈️ 🗑  flight: pp1b2c3d4-e5f6-7890-g1h2-i3j4k5l6m8 SU-1234 
[36mINFO[0m[2025-03-08 18:09:21] api RegisterFlights handlers                 
[36mINFO[0m[2025-03-08 18:09:21] ✅ Api.RegisterPassengerFlight make get request for get passenger 
[36mINFO[0m[2025-03-08 18:09:21] ✅ Api.RegisterPassengerFlight make register flight 
[36mINFO[0m[2025-03-08 18:09:21] Service RegisterFlights                      
[36mINFO[0m[2025-03-08 18:09:21] ✅ Storage.RegisterFlights ✈️ register flight: pp1b2c3d4-e5f6-7890-g1h2-i3j4k5l6m8 SU-1234 
[36mINFO[0m[2025-03-08 18:09:21] ✅✈️ Service.RegisterFlights success flight: pp1b2c3d4-e5f6-7890-g1h2-i3j4k5l6m8 
[36mINFO[0m[2025-03-08 18:09:23] api RegisterPassenger handlers               
[36mINFO[0m[2025-03-08 18:09:23] Service RegisterPassenger                    
[36mINFO[0m[2025-03-08 18:09:23] Storage RegisterPassengerFlight              
[36mINFO[0m[2025-03-08 18:09:23] ✅ Storage.RegisterPassengerFlight 👤 flight: pp1b2c3d4-e5f6-7890-g1h2-i3j4k5l6m8 place: 2Ataken passenger: uuid-5678 
[36mINFO[0m[2025-03-08 18:10:00] Sending request: {[{нет 1}] 1}               
[31mERRO[0m[2025-03-08 18:10:00] ❌✈️ Service.StopRegister not success get send Hikita pp1b2c3d4-e5f6-7890-g1h2-i3j4k5l6m8 errors:failed to send POST request: Post "http://localhost:8087/registration/pp1b2c3d4-e5f6-7890-g1h2-i3j4k5l6m8/finish": dial tcp [::1]:8087: connect: connection refused 
[36mINFO[0m[2025-03-08 18:10:00] ✅ Storage.RemoveFlight️ ✈️ 🗑  flight: pp1b2c3d4-e5f6-7890-g1h2-i3j4k5l6m8 SU-1234 
[36mINFO[0m[2025-03-08 18:19:09] shutting down server...                      
[31mFATA[0m[2025-03-08 18:19:09] errors occured while running http server http: Server closed 
[36mINFO[0m[2025-03-08 18:19:12] storage instance initialized                 
[36mINFO[0m[2025-03-08 18:19:12] service instance initialized                 
[36mINFO[0m[2025-03-08 18:19:12] api instance initialized                     
[36mINFO[0m[2025-03-08 18:19:12] server instance initialized                  
[36mINFO[0m[2025-03-08 18:19:12] register server started                      
[36mINFO[0m[2025-03-08 18:19:12] api Register handlers                        
[36mINFO[0m[2025-03-08 18:19:12] server run                                   
[36mINFO[0m[2025-03-08 18:19:19] GetData []                                   
[36mINFO[0m[2025-03-08 18:19:19] ✅✅✅ GetData ✅✅✅                              
[36mINFO[0m[2025-03-08 18:19:54] shutting down server...                      
[36mINFO[0m[2025-03-08 18:19:57] storage instance initialized                 
[36mINFO[0m[2025-03-08 18:19:57] service instance initialized                 
[36mINFO[0m[2025-03-08 18:19:57] api instance initialized                     
[36mINFO[0m[2025-03-08 18:19:57] server instance initialized                  
[36mINFO[0m[2025-03-08 18:19:57] register server started                      
[36mINFO[0m[2025-03-08 18:19:57] api Register handlers                        
[36mINFO[0m[2025-03-08 18:19:57] server run                                   
[36mINFO[0m[2025-03-08 18:20:23] GetData []                                   
[36mINFO[0m[2025-03-08 18:20:23] ✅✅✅ GetData ✅✅✅                              
[36mINFO[0m[2025-03-08 18:20:44] shutting down server...                      
[36mINFO[0m[2025-03-08 18:20:47] storage instance initialized                 
[36mINFO[0m[2025-03-08 18:20:47] service instance initialized                 
[36mINFO[0m[2025-03-08 18:20:47] api instance initialized                     
[36mINFO[0m[2025-03-08 18:20:47] server instance initialized                  
[36mINFO[0m[2025-03-08 18:20:47] register server started                      
[36mINFO[0m[2025-03-08 18:20:47] api Register handlers                        
[36mINFO[0m[2025-03-08 18:20:47] server run                                   
[36mINFO[0m[2025-03-08 18:20:53] GetData []                                   
[36mINFO[0m[2025-03-08 18:20:53] ✅✅✅ GetData ✅✅✅                              
[36mINFO[0m[2025-03-08 18:22:28] DownloadHandler instance                     
[36mINFO[0m[2025-03-08 18:23:12] shutting down server...                      
[31mFATA[0m[2025-03-08 18:23:12] errors occured while running http server http: Server closed 
[36mINFO[0m[2025-03-08 18:23:14] storage instance initialized                 
[36mINFO[0m[2025-03-08 18:23:14] service instance initialized                 
[36mINFO[0m[2025-03-08 18:23:14] api instance initialized                     
[36mINFO[0m[2025-03-08 18:23:14] server instance initialized                  
[36mINFO[0m[2025-03-08 18:23:14] register server started                      
[36mINFO[0m[2025-03-08 18:23:14] api Register handlers                        
[36mINFO[0m[2025-03-08 18:23:14] server run                                   
[36mINFO[0m[2025-03-08 18:24:55] shutting down server...                      
[31mFATA[0m[2025-03-08 18:24:55] errors occured while running http server http: Server closed 
[36mINFO[0m[2025-03-08 18:25:02] storage instance initialized                 
[36mINFO[0m[2025-03-08 18:25:02] service instance initialized                 
[36mINFO[0m[2025-03-08 18:25:02] api instance initialized                     
[36mINFO[0m[2025-03-08 18:25:02] server instance initialized                  
[36mINFO[0m[2025-03-08 18:25:02] register server started                      
[36mINFO[0m[2025-03-08 18:25:02] api Register handlers                        
[36mINFO[0m[2025-03-08 18:25:02] server run                                   
[36mINFO[0m[2025-03-08 18:25:34] shutting down server...                      
[36mINFO[0m[2025-03-08 18:25:36] storage instance initialized                 
[36mINFO[0m[2025-03-08 18:25:36] service instance initialized                 
[36mINFO[0m[2025-03-08 18:25:36] api instance initialized                     
[36mINFO[0m[2025-03-08 18:25:36] server instance initialized                  
[36mINFO[0m[2025-03-08 18:25:36] register server started                      
[36mINFO[0m[2025-03-08 18:25:36] api Register handlers                        
[36mINFO[0m[2025-03-08 18:25:36] server run                                   
[36mINFO[0m[2025-03-08 18:26:04] shutting down server...                      
[36mINFO[0m[2025-03-08 18:26:08] storage instance initialized                 
[36mINFO[0m[2025-03-08 18:26:08] service instance initialized                 
[36mINFO[0m[2025-03-08 18:26:08] api instance initialized                     
[36mINFO[0m[2025-03-08 18:26:08] server instance initialized                  
[36mINFO[0m[2025-03-08 18:26:08] register server started                      
[36mINFO[0m[2025-03-08 18:26:08] api Register handlers                        
[36mINFO[0m[2025-03-08 18:26:08] server run                                   
[36mINFO[0m[2025-03-08 18:26:24] shutting down server...                      
[36mINFO[0m[2025-03-08 18:26:26] storage instance initialized                 
[36mINFO[0m[2025-03-08 18:26:26] service instance initialized                 
[36mINFO[0m[2025-03-08 18:26:26] api instance initialized                     
[36mINFO[0m[2025-03-08 18:26:26] server instance initialized                  
[36mINFO[0m[2025-03-08 18:26:26] register server started                      
[36mINFO[0m[2025-03-08 18:26:26] api Register handlers                        
[36mINFO[0m[2025-03-08 18:26:26] server run                                   
[36mINFO[0m[2025-03-08 18:27:10] shutting down server...                      
[36mINFO[0m[2025-03-08 18:27:12] storage instance initialized                 
[36mINFO[0m[2025-03-08 18:27:12] service instance initialized                 
[36mINFO[0m[2025-03-08 18:27:12] api instance initialized                     
[36mINFO[0m[2025-03-08 18:27:12] server instance initialized                  
[36mINFO[0m[2025-03-08 18:27:12] register server started                      
[36mINFO[0m[2025-03-08 18:27:12] api Register handlers                        
[36mINFO[0m[2025-03-08 18:27:12] server run                                   
[36mINFO[0m[2025-03-08 18:27:48] shutting down server...                      
[36mINFO[0m[2025-03-08 18:27:51] storage instance initialized                 
[36mINFO[0m[2025-03-08 18:27:51] service instance initialized                 
[36mINFO[0m[2025-03-08 18:27:51] api instance initialized                     
[36mINFO[0m[2025-03-08 18:27:51] server instance initialized                  
[36mINFO[0m[2025-03-08 18:27:51] register server started                      
[36mINFO[0m[2025-03-08 18:27:51] api Register handlers                        
[36mINFO[0m[2025-03-08 18:27:51] server run                                   
[36mINFO[0m[2025-03-08 18:27:55] DownloadHandler instance                     
[36mINFO[0m[2025-03-08 18:28:08] shutting down server...                      
[31mFATA[0m[2025-03-08 18:28:08] errors occured while running http server http: Server closed 
[36mINFO[0m[2025-03-08 18:28:10] storage instance initialized                 
[36mINFO[0m[2025-03-08 18:28:10] service instance initialized                 
[36mINFO[0m[2025-03-08 18:28:10] api instance initialized                     
[36mINFO[0m[2025-03-08 18:28:10] server instance initialized                  
[36mINFO[0m[2025-03-08 18:28:10] register server started                      
[36mINFO[0m[2025-03-08 18:28:10] api Register handlers                        
[36mINFO[0m[2025-03-08 18:28:10] server run                                   
[36mINFO[0m[2025-03-08 18:28:13] DownloadHandler instance                     
[36mINFO[0m[2025-03-08 18:28:21] DownloadHandler instance                     
[36mINFO[0m[2025-03-08 18:31:18] shutting down server...                      
[31mFATA[0m[2025-03-08 18:31:18] errors occured while running http server http: Server closed 
[36mINFO[0m[2025-03-08 18:31:20] storage instance initialized                 
[36mINFO[0m[2025-03-08 18:31:20] service instance initialized                 
[36mINFO[0m[2025-03-08 18:31:20] api instance initialized                     
[36mINFO[0m[2025-03-08 18:31:20] server instance initialized                  
[36mINFO[0m[2025-03-08 18:31:20] register server started                      
[36mINFO[0m[2025-03-08 18:31:20] api Register handlers                        
[36mINFO[0m[2025-03-08 18:31:20] server run                                   
[36mINFO[0m[2025-03-08 18:31:34] GetData []                                   
[36mINFO[0m[2025-03-08 18:31:34] ✅✅✅ GetData ✅✅✅                              
[36mINFO[0m[2025-03-08 18:31:36] DownloadHandler instance                     
[36mINFO[0m[2025-03-08 18:31:43] DownloadHandler instance                     
[36mINFO[0m[2025-03-08 18:33:32] shutting down server...                      
[36mINFO[0m[2025-03-08 18:33:34] storage instance initialized                 
[36mINFO[0m[2025-03-08 18:33:34] service instance initialized                 
[36mINFO[0m[2025-03-08 18:33:34] api instance initialized                     
[36mINFO[0m[2025-03-08 18:33:34] server instance initialized                  
[36mINFO[0m[2025-03-08 18:33:34] register server started                      
[36mINFO[0m[2025-03-08 18:33:34] api Register handlers                        
[36mINFO[0m[2025-03-08 18:33:34] server run                                   
[36mINFO[0m[2025-03-08 18:33:40] GetData []                                   
[36mINFO[0m[2025-03-08 18:33:40] ✅✅✅ GetData ✅✅✅                              
[36mINFO[0m[2025-03-08 18:33:48] shutting down server...                      
[31mFATA[0m[2025-03-08 18:33:48] errors occured while running http server http: Server closed 
[36mINFO[0m[2025-03-08 18:33:53] storage instance initialized                 
[36mINFO[0m[2025-03-08 18:33:53] service instance initialized                 
[36mINFO[0m[2025-03-08 18:33:53] api instance initialized                     
[36mINFO[0m[2025-03-08 18:33:53] server instance initialized                  
[36mINFO[0m[2025-03-08 18:33:53] register server started                      
[36mINFO[0m[2025-03-08 18:33:53] api Register handlers                        
[36mINFO[0m[2025-03-08 18:33:53] server run                                   
[36mINFO[0m[2025-03-08 18:34:16] api RegisterFlights handlers                 
[36mINFO[0m[2025-03-08 18:34:16] ✅ Api.RegisterPassengerFlight make get request for get passenger 
[31mERRO[0m[2025-03-08 18:34:16] ❌Api.RegisterPassengerFlight get request break 
[36mINFO[0m[2025-03-08 18:34:29] shutting down server...                      
[31mFATA[0m[2025-03-08 18:34:29] errors occured while running http server http: Server closed 
